生成启动时间为 2015/8/27 21:46:21。
     1>项目“F:\Repositories\USB HID Demonstrator\UsbHidDll\UsbHidDll.vcxproj”在节点 2 上(rebuild 个目标)。
     1>PrepareForBuild:
         正在创建目录“F:\Repositories\USB HID Demonstrator\src\Release\”。
       InitializeBuildStatus:
         正在创建“Release\UsbHidDll.unsuccessfulbuild”，因为已指定“AlwaysCreate”。
       ClCompile:
         C:\Program Files (x86)\Microsoft Visual Studio 10.0\VC\bin\CL.exe /c /I.\Inc\ /Zi /nologo /W3 /WX- /O2 /Oi /Oy- /GL /D WIN32 /D NDEBUG /D _WINDOWS /D _USRDLL /D USBHIDDLL_EXPORTS /D _WINDLL /Gm- /EHsc /MD /GS /Gy /fp:precise /Zc:wchar_t /Zc:forScope /Yc"StdAfx.h" /Fp"Release\UsbHidDll.pch" /Fo"Release\\" /Fd"Release\vc100.pdb" /Gd /TP /analyze- /errorReport:prompt stdafx.cpp
         stdafx.cpp
         C:\Program Files (x86)\Microsoft Visual Studio 10.0\VC\bin\CL.exe /c /I.\Inc\ /Zi /nologo /W3 /WX- /O2 /Oi /Oy- /GL /D WIN32 /D NDEBUG /D _WINDOWS /D _USRDLL /D USBHIDDLL_EXPORTS /D _WINDLL /Gm- /EHsc /MD /GS /Gy /fp:precise /Zc:wchar_t /Zc:forScope /Fo"Release\\" /Fd"Release\vc100.pdb" /Gd /TP /analyze- /errorReport:prompt dllmain.cpp
         dllmain.cpp
         C:\Program Files (x86)\Microsoft Visual Studio 10.0\VC\bin\CL.exe /c /I.\Inc\ /Zi /nologo /W3 /WX- /O2 /Oi /Oy- /GL /D WIN32 /D NDEBUG /D _WINDOWS /D _USRDLL /D USBHIDDLL_EXPORTS /D _WINDLL /Gm- /EHsc /MD /GS /Gy /fp:precise /Zc:wchar_t /Zc:forScope /Yu"StdAfx.h" /Fp"Release\UsbHidDll.pch" /Fo"Release\\" /Fd"Release\vc100.pdb" /Gd /TP /analyze- /errorReport:prompt UsbHidDll.cpp
         UsbHidDll.cpp
       ResourceCompile:
         C:\Program Files (x86)\Microsoft SDKs\Windows\v7.0A\bin\rc.exe /l"0x0409" /nologo /fo"Release\UsbHidDll.res" UsbHidDll.rc 
       Link:
         C:\Program Files (x86)\Microsoft Visual Studio 10.0\VC\bin\link.exe /ERRORREPORT:PROMPT /OUT:"F:\Repositories\USB HID Demonstrator\src\Release\UsbHidDll.dll" /INCREMENTAL:NO /NOLOGO /LIBPATH:.\Lib\ LIB/setupapi.lib LIB/hid.lib kernel32.lib user32.lib gdi32.lib winspool.lib comdlg32.lib advapi32.lib shell32.lib ole32.lib oleaut32.lib uuid.lib odbc32.lib odbccp32.lib /MANIFEST /ManifestFile:"Release\UsbHidDll.dll.intermediate.manifest" /MANIFESTUAC:"level='asInvoker' uiAccess='false'" /DEBUG /PDB:"F:\Repositories\USB HID Demonstrator\src\Release\UsbHidDll.pdb" /SUBSYSTEM:WINDOWS /OPT:REF /OPT:ICF /LTCG /TLBID:1 /DYNAMICBASE /NXCOMPAT /IMPLIB:"F:\Repositories\USB HID Demonstrator\src\Release\UsbHidDll.lib" /MACHINE:X86 /DLL Release\UsbHidDll.res
         Release\dllmain.obj
         Release\stdafx.obj
         Release\UsbHidDll.obj
            正在创建库 F:\Repositories\USB HID Demonstrator\src\Release\UsbHidDll.lib 和对象 F:\Repositories\USB HID Demonstrator\src\Release\UsbHidDll.exp
         正在生成代码
         已完成代码的生成
         UsbHidDll.vcxproj -> F:\Repositories\USB HID Demonstrator\src\Release\UsbHidDll.dll
       Manifest:
         C:\Program Files (x86)\Microsoft SDKs\Windows\v7.0A\bin\mt.exe /nologo /verbose /outputresource:"F:\Repositories\USB HID Demonstrator\src\Release\UsbHidDll.dll;#2" /manifest Release\UsbHidDll.dll.intermediate.manifest
       FinalizeBuildStatus:
         正在删除文件“Release\UsbHidDll.unsuccessfulbuild”。
         正在对“Release\UsbHidDll.lastbuildstate”执行 Touch 任务。
     1>已完成生成项目“F:\Repositories\USB HID Demonstrator\UsbHidDll\UsbHidDll.vcxproj”(rebuild 个目标)的操作。

生成成功。

已用时间 00:00:01.06
